<?xml version="1.0" encoding="utf-8"?><testsuites name="pytest tests"><testsuite name="pytest" errors="0" failures="0" skipped="0" tests="29" time="0.507" timestamp="2026-09-22T00:28:01.734760+08:00" hostname="TTUOP"><testcase classname="tests.architecture.test_boundaries" name="test_dependency_direction" time="0.038" /><testcase classname="tests.architecture.test_boundaries" name="test_forbidden_legacy_and_later_phase_modules_absent" time="0.002" /><testcase classname="tests.contracts.test_generated_schemas" name="test_generated_schemas_match_contract_source" time="0.006" /><testcase classname="tests.contracts.test_local_api" name="test_doctor_is_honest_and_transport_retry_is_deduplicated" time="0.001" /><testcase classname="tests.contracts.test_local_api" name="test_agent_cannot_confirm_and_human_cannot_execute_unimplemented_actions" time="0.001" /><testcase classname="tests.contracts.test_local_api" name="test_write_requires_intent_and_revision" time="0.000" /><testcase classname="tests.contracts.test_local_api" name="test_version_and_client_supplied_entry_kind_rejected" time="0.000" /><testcase classname="tests.contracts.test_templates" name="test_six_shipped_packs_have_versions_and_draft_examples" time="0.004" /><testcase classname="tests.contracts.test_templates" name="test_invalid_packs_cannot_be_used[missing]" time="0.001" /><testcase classname="tests.contracts.test_templates" name="test_invalid_packs_cannot_be_used[duplicate]" time="0.001" /><testcase classname="tests.contracts.test_templates" name="test_invalid_packs_cannot_be_used[dangling]" time="0.001" /><testcase classname="tests.contracts.test_templates" name="test_invalid_packs_cannot_be_used[empty]" time="0.001" /><testcase classname="tests.contracts.test_templates" name="test_invalid_packs_cannot_be_used[unknown]" time="0.001" /><testcase classname="tests.recovery.test_atomic_and_lock" name="test_failed_publish_preserves_old_pointer" time="0.016" /><testcase classname="tests.recovery.test_atomic_and_lock" name="test_transient_replace_retries_but_is_bounded" time="0.001" /><testcase classname="tests.recovery.test_atomic_and_lock" name="test_real_second_process_cannot_acquire_writer_lock" time="0.264" /><testcase classname="tests.unit.test_deliveries" name="test_delivery_rejects_overlapping_completion_lists" time="0.000" /><testcase classname="tests.unit.test_deliveries" name="test_delivery_requires_run_method" time="0.000" /><testcase classname="tests.unit.test_phase_one_rules" name="test_new_execution_is_not_inflated_by_reuse" time="0.000" /><testcase classname="tests.unit.test_phase_one_rules" name="test_supplemental_failure_and_unselected_required_cases" time="0.000" /><testcase classname="tests.unit.test_phase_one_rules" name="test_unconfirmed_basis_is_executed_but_not_verified" time="0.000" /><testcase classname="tests.unit.test_phase_one_rules" name="test_reuse_cannot_overlap_new_attempt" time="0.000" /><testcase classname="tests.unit.test_phase_one_rules" name="test_full_and_driver_guards" time="0.000" /><testcase classname="tests.unit.test_phase_one_rules" name="test_dependency_cycle_terminates_and_keeps_changed_module" time="0.000" /><testcase classname="tests.unit.test_phase_one_rules" name="test_transport_retry_never_replays_unproven_side_effects" time="0.000" /><testcase classname="tests.unit.test_projects" name="test_project_rejects_duplicate_module_ids" time="0.000" /><testcase classname="tests.unit.test_tasks" name="test_task_requires_observable_acceptance_items" time="0.000" /><testcase classname="tests.unit.test_tasks" name="test_task_rejects_duplicate_acceptance_item_ids" time="0.000" /><testcase classname="tests.unit.test_tasks" name="test_task_requires_at_least_one_acceptance_item" time="0.001" /></testsuite></testsuites>